

Started GET "/" for 127.0.0.1 at 2016-09-28 20:50:26 +0700

PG::ConnectionBad (FATAL:  Peer authentication failed for user "blog"
):
  activerecord (4.0.2) lib/active_record/connection_adapters/postgresql_adapter.rb:831:in `initialize'
  activerecord (4.0.2) lib/active_record/connection_adapters/postgresql_adapter.rb:831:in `new'
  activerecord (4.0.2) lib/active_record/connection_adapters/postgresql_adapter.rb:831:in `connect'
  activerecord (4.0.2) lib/active_record/connection_adapters/postgresql_adapter.rb:548:in `initialize'
  activerecord (4.0.2) lib/active_record/connection_adapters/postgresql_adapter.rb:41:in `new'
  activerecord (4.0.2) lib/active_record/connection_adapters/postgresql_adapter.rb:41:in `postgresql_connection'
  activerecord (4.0.2) lib/active_record/connection_adapters/abstract/connection_pool.rb:440:in `new_connection'
  activerecord (4.0.2) lib/active_record/connection_adapters/abstract/connection_pool.rb:450:in `checkout_new_connection'
  activerecord (4.0.2) lib/active_record/connection_adapters/abstract/connection_pool.rb:421:in `acquire_connection'
  activerecord (4.0.2) lib/active_record/connection_adapters/abstract/connection_pool.rb:356:in `block in checkout'
  /usr/lib/ruby/1.9.1/monitor.rb:211:in `mon_synchronize'
  activerecord (4.0.2) lib/active_record/connection_adapters/abstract/connection_pool.rb:355:in `checkout'
  activerecord (4.0.2) lib/active_record/connection_adapters/abstract/connection_pool.rb:265:in `block in connection'
  /usr/lib/ruby/1.9.1/monitor.rb:211:in `mon_synchronize'
  activerecord (4.0.2) lib/active_record/connection_adapters/abstract/connection_pool.rb:264:in `connection'
  activerecord (4.0.2) lib/active_record/connection_adapters/abstract/connection_pool.rb:546:in `retrieve_connection'
  activerecord (4.0.2) lib/active_record/connection_handling.rb:79:in `retrieve_connection'
  activerecord (4.0.2) lib/active_record/connection_handling.rb:53:in `connection'
  activerecord (4.0.2) lib/active_record/query_cache.rb:51:in `restore_query_cache_settings'
  activerecord (4.0.2) lib/active_record/query_cache.rb:43:in `rescue in call'
  activerecord (4.0.2) lib/active_record/query_cache.rb:32:in `call'
  activerecord (4.0.2) lib/active_record/connection_adapters/abstract/connection_pool.rb:626:in `call'
  activerecord (4.0.2) lib/active_record/migration.rb:369:in `call'
  /usr/lib/ruby/vendor_ruby/action_dispatch/middleware/callbacks.rb:29:in `block in call'
  /usr/lib/ruby/vendor_ruby/active_support/callbacks.rb:373:in `_run__3327505279368802296__call__callbacks'
  /usr/lib/ruby/vendor_ruby/active_support/callbacks.rb:80:in `run_callbacks'
  /usr/lib/ruby/vendor_ruby/action_dispatch/middleware/callbacks.rb:27:in `call'
  /usr/lib/ruby/vendor_ruby/action_dispatch/middleware/reloader.rb:64:in `call'
  /usr/lib/ruby/vendor_ruby/action_dispatch/middleware/remote_ip.rb:76:in `call'
  /usr/lib/ruby/vendor_ruby/action_dispatch/middleware/debug_exceptions.rb:17:in `call'
  /usr/lib/ruby/vendor_ruby/action_dispatch/middleware/show_exceptions.rb:30:in `call'
  /usr/lib/ruby/vendor_ruby/rails/rack/logger.rb:38:in `call_app'
  /usr/lib/ruby/vendor_ruby/rails/rack/logger.rb:20:in `block in call'
  /usr/lib/ruby/vendor_ruby/active_support/tagged_logging.rb:67:in `block in tagged'
  /usr/lib/ruby/vendor_ruby/active_support/tagged_logging.rb:25:in `tagged'
  /usr/lib/ruby/vendor_ruby/active_support/tagged_logging.rb:67:in `tagged'
  /usr/lib/ruby/vendor_ruby/rails/rack/logger.rb:20:in `call'
  /usr/lib/ruby/vendor_ruby/action_dispatch/middleware/request_id.rb:21:in `call'
  rack (1.5.5) lib/rack/methodoverride.rb:21:in `call'
  rack (1.5.5) lib/rack/runtime.rb:17:in `call'
  /usr/lib/ruby/vendor_ruby/active_support/cache/strategy/local_cache.rb:83:in `call'
  rack (1.5.5) lib/rack/lock.rb:17:in `call'
  /usr/lib/ruby/vendor_ruby/action_dispatch/middleware/static.rb:64:in `call'
  rack (1.5.5) lib/rack/sendfile.rb:112:in `call'
  /usr/lib/ruby/vendor_ruby/rails/engine.rb:511:in `call'
  /usr/lib/ruby/vendor_ruby/rails/application.rb:97:in `call'
  rack (1.5.5) lib/rack/lock.rb:17:in `call'
  rack (1.5.5) lib/rack/content_length.rb:14:in `call'
  rack (1.5.5) lib/rack/handler/webrick.rb:60:in `service'
  /usr/lib/ruby/1.9.1/webrick/httpserver.rb:138:in `service'
  /usr/lib/ruby/1.9.1/webrick/httpserver.rb:94:in `run'
  /usr/lib/ruby/1.9.1/webrick/server.rb:191:in `block in start_thread'


  Rendered /usr/lib/ruby/vendor_ruby/action_dispatch/middleware/templates/rescues/_source.erb (0.7ms)
  Rendered /usr/lib/ruby/vendor_ruby/action_dispatch/middleware/templates/rescues/_trace.erb (0.8ms)
  Rendered /usr/lib/ruby/vendor_ruby/action_dispatch/middleware/templates/rescues/_request_and_response.erb (0.8ms)
  Rendered /usr/lib/ruby/vendor_ruby/action_dispatch/middleware/templates/rescues/diagnostics.erb within rescues/layout (12.3ms)


Started GET "/" for 127.0.0.1 at 2016-09-28 20:50:28 +0700

PG::ConnectionBad (FATAL:  Peer authentication failed for user "blog"
):
  activerecord (4.0.2) lib/active_record/connection_adapters/postgresql_adapter.rb:831:in `initialize'
  activerecord (4.0.2) lib/active_record/connection_adapters/postgresql_adapter.rb:831:in `new'
  activerecord (4.0.2) lib/active_record/connection_adapters/postgresql_adapter.rb:831:in `connect'
  activerecord (4.0.2) lib/active_record/connection_adapters/postgresql_adapter.rb:548:in `initialize'
  activerecord (4.0.2) lib/active_record/connection_adapters/postgresql_adapter.rb:41:in `new'
  activerecord (4.0.2) lib/active_record/connection_adapters/postgresql_adapter.rb:41:in `postgresql_connection'
  activerecord (4.0.2) lib/active_record/connection_adapters/abstract/connection_pool.rb:440:in `new_connection'
  activerecord (4.0.2) lib/active_record/connection_adapters/abstract/connection_pool.rb:450:in `checkout_new_connection'
  activerecord (4.0.2) lib/active_record/connection_adapters/abstract/connection_pool.rb:421:in `acquire_connection'
  activerecord (4.0.2) lib/active_record/connection_adapters/abstract/connection_pool.rb:356:in `block in checkout'
  /usr/lib/ruby/1.9.1/monitor.rb:211:in `mon_synchronize'
  activerecord (4.0.2) lib/active_record/connection_adapters/abstract/connection_pool.rb:355:in `checkout'
  activerecord (4.0.2) lib/active_record/connection_adapters/abstract/connection_pool.rb:265:in `block in connection'
  /usr/lib/ruby/1.9.1/monitor.rb:211:in `mon_synchronize'
  activerecord (4.0.2) lib/active_record/connection_adapters/abstract/connection_pool.rb:264:in `connection'
  activerecord (4.0.2) lib/active_record/connection_adapters/abstract/connection_pool.rb:546:in `retrieve_connection'
  activerecord (4.0.2) lib/active_record/connection_handling.rb:79:in `retrieve_connection'
  activerecord (4.0.2) lib/active_record/connection_handling.rb:53:in `connection'
  activerecord (4.0.2) lib/active_record/query_cache.rb:51:in `restore_query_cache_settings'
  activerecord (4.0.2) lib/active_record/query_cache.rb:43:in `rescue in call'
  activerecord (4.0.2) lib/active_record/query_cache.rb:32:in `call'
  activerecord (4.0.2) lib/active_record/connection_adapters/abstract/connection_pool.rb:626:in `call'
  activerecord (4.0.2) lib/active_record/migration.rb:369:in `call'
  /usr/lib/ruby/vendor_ruby/action_dispatch/middleware/callbacks.rb:29:in `block in call'
  /usr/lib/ruby/vendor_ruby/active_support/callbacks.rb:373:in `_run__3327505279368802296__call__callbacks'
  /usr/lib/ruby/vendor_ruby/active_support/callbacks.rb:80:in `run_callbacks'
  /usr/lib/ruby/vendor_ruby/action_dispatch/middleware/callbacks.rb:27:in `call'
  /usr/lib/ruby/vendor_ruby/action_dispatch/middleware/reloader.rb:64:in `call'
  /usr/lib/ruby/vendor_ruby/action_dispatch/middleware/remote_ip.rb:76:in `call'
  /usr/lib/ruby/vendor_ruby/action_dispatch/middleware/debug_exceptions.rb:17:in `call'
  /usr/lib/ruby/vendor_ruby/action_dispatch/middleware/show_exceptions.rb:30:in `call'
  /usr/lib/ruby/vendor_ruby/rails/rack/logger.rb:38:in `call_app'
  /usr/lib/ruby/vendor_ruby/rails/rack/logger.rb:20:in `block in call'
  /usr/lib/ruby/vendor_ruby/active_support/tagged_logging.rb:67:in `block in tagged'
  /usr/lib/ruby/vendor_ruby/active_support/tagged_logging.rb:25:in `tagged'
  /usr/lib/ruby/vendor_ruby/active_support/tagged_logging.rb:67:in `tagged'
  /usr/lib/ruby/vendor_ruby/rails/rack/logger.rb:20:in `call'
  /usr/lib/ruby/vendor_ruby/action_dispatch/middleware/request_id.rb:21:in `call'
  rack (1.5.5) lib/rack/methodoverride.rb:21:in `call'
  rack (1.5.5) lib/rack/runtime.rb:17:in `call'
  /usr/lib/ruby/vendor_ruby/active_support/cache/strategy/local_cache.rb:83:in `call'
  rack (1.5.5) lib/rack/lock.rb:17:in `call'
  /usr/lib/ruby/vendor_ruby/action_dispatch/middleware/static.rb:64:in `call'
  rack (1.5.5) lib/rack/sendfile.rb:112:in `call'
  /usr/lib/ruby/vendor_ruby/rails/engine.rb:511:in `call'
  /usr/lib/ruby/vendor_ruby/rails/application.rb:97:in `call'
  rack (1.5.5) lib/rack/lock.rb:17:in `call'
  rack (1.5.5) lib/rack/content_length.rb:14:in `call'
  rack (1.5.5) lib/rack/handler/webrick.rb:60:in `service'
  /usr/lib/ruby/1.9.1/webrick/httpserver.rb:138:in `service'
  /usr/lib/ruby/1.9.1/webrick/httpserver.rb:94:in `run'
  /usr/lib/ruby/1.9.1/webrick/server.rb:191:in `block in start_thread'


  Rendered /usr/lib/ruby/vendor_ruby/action_dispatch/middleware/templates/rescues/_source.erb (0.9ms)
  Rendered /usr/lib/ruby/vendor_ruby/action_dispatch/middleware/templates/rescues/_trace.erb (1.3ms)
  Rendered /usr/lib/ruby/vendor_ruby/action_dispatch/middleware/templates/rescues/_request_and_response.erb (1.0ms)
  Rendered /usr/lib/ruby/vendor_ruby/action_dispatch/middleware/templates/rescues/diagnostics.erb within rescues/layout (16.5ms)


Started GET "/" for 127.0.0.1 at 2016-09-28 20:50:29 +0700

PG::ConnectionBad (FATAL:  Peer authentication failed for user "blog"
):
  activerecord (4.0.2) lib/active_record/connection_adapters/postgresql_adapter.rb:831:in `initialize'
  activerecord (4.0.2) lib/active_record/connection_adapters/postgresql_adapter.rb:831:in `new'
  activerecord (4.0.2) lib/active_record/connection_adapters/postgresql_adapter.rb:831:in `connect'
  activerecord (4.0.2) lib/active_record/connection_adapters/postgresql_adapter.rb:548:in `initialize'
  activerecord (4.0.2) lib/active_record/connection_adapters/postgresql_adapter.rb:41:in `new'
  activerecord (4.0.2) lib/active_record/connection_adapters/postgresql_adapter.rb:41:in `postgresql_connection'
  activerecord (4.0.2) lib/active_record/connection_adapters/abstract/connection_pool.rb:440:in `new_connection'
  activerecord (4.0.2) lib/active_record/connection_adapters/abstract/connection_pool.rb:450:in `checkout_new_connection'
  activerecord (4.0.2) lib/active_record/connection_adapters/abstract/connection_pool.rb:421:in `acquire_connection'
  activerecord (4.0.2) lib/active_record/connection_adapters/abstract/connection_pool.rb:356:in `block in checkout'
  /usr/lib/ruby/1.9.1/monitor.rb:211:in `mon_synchronize'
  activerecord (4.0.2) lib/active_record/connection_adapters/abstract/connection_pool.rb:355:in `checkout'
  activerecord (4.0.2) lib/active_record/connection_adapters/abstract/connection_pool.rb:265:in `block in connection'
  /usr/lib/ruby/1.9.1/monitor.rb:211:in `mon_synchronize'
  activerecord (4.0.2) lib/active_record/connection_adapters/abstract/connection_pool.rb:264:in `connection'
  activerecord (4.0.2) lib/active_record/connection_adapters/abstract/connection_pool.rb:546:in `retrieve_connection'
  activerecord (4.0.2) lib/active_record/connection_handling.rb:79:in `retrieve_connection'
  activerecord (4.0.2) lib/active_record/connection_handling.rb:53:in `connection'
  activerecord (4.0.2) lib/active_record/query_cache.rb:51:in `restore_query_cache_settings'
  activerecord (4.0.2) lib/active_record/query_cache.rb:43:in `rescue in call'
  activerecord (4.0.2) lib/active_record/query_cache.rb:32:in `call'
  activerecord (4.0.2) lib/active_record/connection_adapters/abstract/connection_pool.rb:626:in `call'
  activerecord (4.0.2) lib/active_record/migration.rb:369:in `call'
  /usr/lib/ruby/vendor_ruby/action_dispatch/middleware/callbacks.rb:29:in `block in call'
  /usr/lib/ruby/vendor_ruby/active_support/callbacks.rb:373:in `_run__3327505279368802296__call__callbacks'
  /usr/lib/ruby/vendor_ruby/active_support/callbacks.rb:80:in `run_callbacks'
  /usr/lib/ruby/vendor_ruby/action_dispatch/middleware/callbacks.rb:27:in `call'
  /usr/lib/ruby/vendor_ruby/action_dispatch/middleware/reloader.rb:64:in `call'
  /usr/lib/ruby/vendor_ruby/action_dispatch/middleware/remote_ip.rb:76:in `call'
  /usr/lib/ruby/vendor_ruby/action_dispatch/middleware/debug_exceptions.rb:17:in `call'
  /usr/lib/ruby/vendor_ruby/action_dispatch/middleware/show_exceptions.rb:30:in `call'
  /usr/lib/ruby/vendor_ruby/rails/rack/logger.rb:38:in `call_app'
  /usr/lib/ruby/vendor_ruby/rails/rack/logger.rb:20:in `block in call'
  /usr/lib/ruby/vendor_ruby/active_support/tagged_logging.rb:67:in `block in tagged'
  /usr/lib/ruby/vendor_ruby/active_support/tagged_logging.rb:25:in `tagged'
  /usr/lib/ruby/vendor_ruby/active_support/tagged_logging.rb:67:in `tagged'
  /usr/lib/ruby/vendor_ruby/rails/rack/logger.rb:20:in `call'
  /usr/lib/ruby/vendor_ruby/action_dispatch/middleware/request_id.rb:21:in `call'
  rack (1.5.5) lib/rack/methodoverride.rb:21:in `call'
  rack (1.5.5) lib/rack/runtime.rb:17:in `call'
  /usr/lib/ruby/vendor_ruby/active_support/cache/strategy/local_cache.rb:83:in `call'
  rack (1.5.5) lib/rack/lock.rb:17:in `call'
  /usr/lib/ruby/vendor_ruby/action_dispatch/middleware/static.rb:64:in `call'
  rack (1.5.5) lib/rack/sendfile.rb:112:in `call'
  /usr/lib/ruby/vendor_ruby/rails/engine.rb:511:in `call'
  /usr/lib/ruby/vendor_ruby/rails/application.rb:97:in `call'
  rack (1.5.5) lib/rack/lock.rb:17:in `call'
  rack (1.5.5) lib/rack/content_length.rb:14:in `call'
  rack (1.5.5) lib/rack/handler/webrick.rb:60:in `service'
  /usr/lib/ruby/1.9.1/webrick/httpserver.rb:138:in `service'
  /usr/lib/ruby/1.9.1/webrick/httpserver.rb:94:in `run'
  /usr/lib/ruby/1.9.1/webrick/server.rb:191:in `block in start_thread'


  Rendered /usr/lib/ruby/vendor_ruby/action_dispatch/middleware/templates/rescues/_source.erb (0.9ms)
  Rendered /usr/lib/ruby/vendor_ruby/action_dispatch/middleware/templates/rescues/_trace.erb (1.4ms)
  Rendered /usr/lib/ruby/vendor_ruby/action_dispatch/middleware/templates/rescues/_request_and_response.erb (0.7ms)
  Rendered /usr/lib/ruby/vendor_ruby/action_dispatch/middleware/templates/rescues/diagnostics.erb within rescues/layout (14.8ms)


Started GET "/" for 127.0.0.1 at 2016-09-28 20:54:34 +0700
Processing by Rails::WelcomeController#index as HTML
  Rendered /usr/lib/ruby/vendor_ruby/rails/templates/rails/welcome/index.html.erb (3.0ms)
Completed 200 OK in 63ms (Views: 44.7ms | ActiveRecord: 0.0ms)


Started GET "/" for 127.0.0.1 at 2016-09-28 20:56:00 +0700

ActiveRecord::PendingMigrationError (Migrations are pending; run 'bin/rake db:migrate RAILS_ENV=development' to resolve this issue.):
  activerecord (4.0.2) lib/active_record/migration.rb:379:in `check_pending!'
  activerecord (4.0.2) lib/active_record/migration.rb:366:in `call'
  /usr/lib/ruby/vendor_ruby/action_dispatch/middleware/callbacks.rb:29:in `block in call'
  /usr/lib/ruby/vendor_ruby/active_support/callbacks.rb:373:in `_run__3217796696823857469__call__callbacks'
  /usr/lib/ruby/vendor_ruby/active_support/callbacks.rb:80:in `run_callbacks'
  /usr/lib/ruby/vendor_ruby/action_dispatch/middleware/callbacks.rb:27:in `call'
  /usr/lib/ruby/vendor_ruby/action_dispatch/middleware/reloader.rb:64:in `call'
  /usr/lib/ruby/vendor_ruby/action_dispatch/middleware/remote_ip.rb:76:in `call'
  /usr/lib/ruby/vendor_ruby/action_dispatch/middleware/debug_exceptions.rb:17:in `call'
  /usr/lib/ruby/vendor_ruby/action_dispatch/middleware/show_exceptions.rb:30:in `call'
  /usr/lib/ruby/vendor_ruby/rails/rack/logger.rb:38:in `call_app'
  /usr/lib/ruby/vendor_ruby/rails/rack/logger.rb:20:in `block in call'
  /usr/lib/ruby/vendor_ruby/active_support/tagged_logging.rb:67:in `block in tagged'
  /usr/lib/ruby/vendor_ruby/active_support/tagged_logging.rb:25:in `tagged'
  /usr/lib/ruby/vendor_ruby/active_support/tagged_logging.rb:67:in `tagged'
  /usr/lib/ruby/vendor_ruby/rails/rack/logger.rb:20:in `call'
  /usr/lib/ruby/vendor_ruby/action_dispatch/middleware/request_id.rb:21:in `call'
  rack (1.5.5) lib/rack/methodoverride.rb:21:in `call'
  rack (1.5.5) lib/rack/runtime.rb:17:in `call'
  /usr/lib/ruby/vendor_ruby/active_support/cache/strategy/local_cache.rb:83:in `call'
  rack (1.5.5) lib/rack/lock.rb:17:in `call'
  /usr/lib/ruby/vendor_ruby/action_dispatch/middleware/static.rb:64:in `call'
  rack (1.5.5) lib/rack/sendfile.rb:112:in `call'
  /usr/lib/ruby/vendor_ruby/rails/engine.rb:511:in `call'
  /usr/lib/ruby/vendor_ruby/rails/application.rb:97:in `call'
  rack (1.5.5) lib/rack/lock.rb:17:in `call'
  rack (1.5.5) lib/rack/content_length.rb:14:in `call'
  rack (1.5.5) lib/rack/handler/webrick.rb:60:in `service'
  /usr/lib/ruby/1.9.1/webrick/httpserver.rb:138:in `service'
  /usr/lib/ruby/1.9.1/webrick/httpserver.rb:94:in `run'
  /usr/lib/ruby/1.9.1/webrick/server.rb:191:in `block in start_thread'


  Rendered /usr/lib/ruby/vendor_ruby/action_dispatch/middleware/templates/rescues/_source.erb (0.4ms)
  Rendered /usr/lib/ruby/vendor_ruby/action_dispatch/middleware/templates/rescues/_trace.erb (0.7ms)
  Rendered /usr/lib/ruby/vendor_ruby/action_dispatch/middleware/templates/rescues/_request_and_response.erb (0.6ms)
  Rendered /usr/lib/ruby/vendor_ruby/action_dispatch/middleware/templates/rescues/diagnostics.erb within rescues/layout (10.5ms)


Started GET "/" for 127.0.0.1 at 2016-09-28 20:56:00 +0700

ActiveRecord::PendingMigrationError (Migrations are pending; run 'bin/rake db:migrate RAILS_ENV=development' to resolve this issue.):
  activerecord (4.0.2) lib/active_record/migration.rb:379:in `check_pending!'
  activerecord (4.0.2) lib/active_record/migration.rb:366:in `call'
  /usr/lib/ruby/vendor_ruby/action_dispatch/middleware/callbacks.rb:29:in `block in call'
  /usr/lib/ruby/vendor_ruby/active_support/callbacks.rb:373:in `_run__3217796696823857469__call__callbacks'
  /usr/lib/ruby/vendor_ruby/active_support/callbacks.rb:80:in `run_callbacks'
  /usr/lib/ruby/vendor_ruby/action_dispatch/middleware/callbacks.rb:27:in `call'
  /usr/lib/ruby/vendor_ruby/action_dispatch/middleware/reloader.rb:64:in `call'
  /usr/lib/ruby/vendor_ruby/action_dispatch/middleware/remote_ip.rb:76:in `call'
  /usr/lib/ruby/vendor_ruby/action_dispatch/middleware/debug_exceptions.rb:17:in `call'
  /usr/lib/ruby/vendor_ruby/action_dispatch/middleware/show_exceptions.rb:30:in `call'
  /usr/lib/ruby/vendor_ruby/rails/rack/logger.rb:38:in `call_app'
  /usr/lib/ruby/vendor_ruby/rails/rack/logger.rb:20:in `block in call'
  /usr/lib/ruby/vendor_ruby/active_support/tagged_logging.rb:67:in `block in tagged'
  /usr/lib/ruby/vendor_ruby/active_support/tagged_logging.rb:25:in `tagged'
  /usr/lib/ruby/vendor_ruby/active_support/tagged_logging.rb:67:in `tagged'
  /usr/lib/ruby/vendor_ruby/rails/rack/logger.rb:20:in `call'
  /usr/lib/ruby/vendor_ruby/action_dispatch/middleware/request_id.rb:21:in `call'
  rack (1.5.5) lib/rack/methodoverride.rb:21:in `call'
  rack (1.5.5) lib/rack/runtime.rb:17:in `call'
  /usr/lib/ruby/vendor_ruby/active_support/cache/strategy/local_cache.rb:83:in `call'
  rack (1.5.5) lib/rack/lock.rb:17:in `call'
  /usr/lib/ruby/vendor_ruby/action_dispatch/middleware/static.rb:64:in `call'
  rack (1.5.5) lib/rack/sendfile.rb:112:in `call'
  /usr/lib/ruby/vendor_ruby/rails/engine.rb:511:in `call'
  /usr/lib/ruby/vendor_ruby/rails/application.rb:97:in `call'
  rack (1.5.5) lib/rack/lock.rb:17:in `call'
  rack (1.5.5) lib/rack/content_length.rb:14:in `call'
  rack (1.5.5) lib/rack/handler/webrick.rb:60:in `service'
  /usr/lib/ruby/1.9.1/webrick/httpserver.rb:138:in `service'
  /usr/lib/ruby/1.9.1/webrick/httpserver.rb:94:in `run'
  /usr/lib/ruby/1.9.1/webrick/server.rb:191:in `block in start_thread'


  Rendered /usr/lib/ruby/vendor_ruby/action_dispatch/middleware/templates/rescues/_source.erb (0.4ms)
  Rendered /usr/lib/ruby/vendor_ruby/action_dispatch/middleware/templates/rescues/_trace.erb (0.7ms)
  Rendered /usr/lib/ruby/vendor_ruby/action_dispatch/middleware/templates/rescues/_request_and_response.erb (0.7ms)
  Rendered /usr/lib/ruby/vendor_ruby/action_dispatch/middleware/templates/rescues/diagnostics.erb within rescues/layout (9.0ms)


Started GET "/articles" for 127.0.0.1 at 2016-09-28 20:56:58 +0700

ActiveRecord::PendingMigrationError (Migrations are pending; run 'bin/rake db:migrate RAILS_ENV=development' to resolve this issue.):
  activerecord (4.0.2) lib/active_record/migration.rb:379:in `check_pending!'
  activerecord (4.0.2) lib/active_record/migration.rb:366:in `call'
  /usr/lib/ruby/vendor_ruby/action_dispatch/middleware/callbacks.rb:29:in `block in call'
  /usr/lib/ruby/vendor_ruby/active_support/callbacks.rb:373:in `_run__3217796696823857469__call__callbacks'
  /usr/lib/ruby/vendor_ruby/active_support/callbacks.rb:80:in `run_callbacks'
  /usr/lib/ruby/vendor_ruby/action_dispatch/middleware/callbacks.rb:27:in `call'
  /usr/lib/ruby/vendor_ruby/action_dispatch/middleware/reloader.rb:64:in `call'
  /usr/lib/ruby/vendor_ruby/action_dispatch/middleware/remote_ip.rb:76:in `call'
  /usr/lib/ruby/vendor_ruby/action_dispatch/middleware/debug_exceptions.rb:17:in `call'
  /usr/lib/ruby/vendor_ruby/action_dispatch/middleware/show_exceptions.rb:30:in `call'
  /usr/lib/ruby/vendor_ruby/rails/rack/logger.rb:38:in `call_app'
  /usr/lib/ruby/vendor_ruby/rails/rack/logger.rb:20:in `block in call'
  /usr/lib/ruby/vendor_ruby/active_support/tagged_logging.rb:67:in `block in tagged'
  /usr/lib/ruby/vendor_ruby/active_support/tagged_logging.rb:25:in `tagged'
  /usr/lib/ruby/vendor_ruby/active_support/tagged_logging.rb:67:in `tagged'
  /usr/lib/ruby/vendor_ruby/rails/rack/logger.rb:20:in `call'
  /usr/lib/ruby/vendor_ruby/action_dispatch/middleware/request_id.rb:21:in `call'
  rack (1.5.5) lib/rack/methodoverride.rb:21:in `call'
  rack (1.5.5) lib/rack/runtime.rb:17:in `call'
  /usr/lib/ruby/vendor_ruby/active_support/cache/strategy/local_cache.rb:83:in `call'
  rack (1.5.5) lib/rack/lock.rb:17:in `call'
  /usr/lib/ruby/vendor_ruby/action_dispatch/middleware/static.rb:64:in `call'
  rack (1.5.5) lib/rack/sendfile.rb:112:in `call'
  /usr/lib/ruby/vendor_ruby/rails/engine.rb:511:in `call'
  /usr/lib/ruby/vendor_ruby/rails/application.rb:97:in `call'
  rack (1.5.5) lib/rack/lock.rb:17:in `call'
  rack (1.5.5) lib/rack/content_length.rb:14:in `call'
  rack (1.5.5) lib/rack/handler/webrick.rb:60:in `service'
  /usr/lib/ruby/1.9.1/webrick/httpserver.rb:138:in `service'
  /usr/lib/ruby/1.9.1/webrick/httpserver.rb:94:in `run'
  /usr/lib/ruby/1.9.1/webrick/server.rb:191:in `block in start_thread'


  Rendered /usr/lib/ruby/vendor_ruby/action_dispatch/middleware/templates/rescues/_source.erb (0.4ms)
  Rendered /usr/lib/ruby/vendor_ruby/action_dispatch/middleware/templates/rescues/_trace.erb (1.3ms)
  Rendered /usr/lib/ruby/vendor_ruby/action_dispatch/middleware/templates/rescues/_request_and_response.erb (0.7ms)
  Rendered /usr/lib/ruby/vendor_ruby/action_dispatch/middleware/templates/rescues/diagnostics.erb within rescues/layout (10.8ms)
  [1m[36m (23.4ms)[0m  [1mCREATE TABLE "schema_migrations" ("version" character varying(255) NOT NULL) [0m
  [1m[35m (52.8ms)[0m  CREATE UNIQUE INDEX "unique_schema_migrations" ON "schema_migrations" ("version")
  [1m[36mActiveRecord::SchemaMigration Load (0.9ms)[0m  [1mSELECT "schema_migrations".* FROM "schema_migrations"[0m
Migrating to CreateArticles (20160928135549)
  [1m[35m (0.4ms)[0m  BEGIN
  [1m[36m (77.5ms)[0m  [1mCREATE TABLE "articles" ("id" serial primary key, "title" character varying(255), "body" text, "created_at" timestamp, "updated_at" timestamp) [0m
  [1m[35mSQL (0.8ms)[0m  INSERT INTO "schema_migrations" ("version") VALUES ($1)  [["version", "20160928135549"]]
  [1m[36m (17.9ms)[0m  [1mCOMMIT[0m
  [1m[35mActiveRecord::SchemaMigration Load (0.2ms)[0m  SELECT "schema_migrations".* FROM "schema_migrations"


Started GET "/articles" for 127.0.0.1 at 2016-09-28 20:58:19 +0700
  [1m[36mActiveRecord::SchemaMigration Load (0.5ms)[0m  [1mSELECT "schema_migrations".* FROM "schema_migrations"[0m
Processing by ArticlesController#index as HTML
  [1m[35mArticle Load (0.6ms)[0m  SELECT "articles".* FROM "articles"
  Rendered articles/index.html.erb within layouts/application (3.8ms)
Completed 200 OK in 1235ms (Views: 1223.1ms | ActiveRecord: 0.6ms)


Started GET "/assets/application.css?body=1" for 127.0.0.1 at 2016-09-28 20:58:21 +0700


Started GET "/assets/articles.css?body=1" for 127.0.0.1 at 2016-09-28 20:58:21 +0700


Started GET "/assets/jquery.js?body=1" for 127.0.0.1 at 2016-09-28 20:58:21 +0700


Started GET "/assets/scaffolds.css?body=1" for 127.0.0.1 at 2016-09-28 20:58:21 +0700


Started GET "/assets/turbolinks.js?body=1" for 127.0.0.1 at 2016-09-28 20:58:21 +0700


Started GET "/assets/jquery_ujs.js?body=1" for 127.0.0.1 at 2016-09-28 20:58:21 +0700


Started GET "/assets/application.js?body=1" for 127.0.0.1 at 2016-09-28 20:58:21 +0700


Started GET "/assets/articles.js?body=1" for 127.0.0.1 at 2016-09-28 20:58:21 +0700


Started GET "/articles/new" for 127.0.0.1 at 2016-09-28 20:59:37 +0700
Processing by ArticlesController#new as HTML
  Rendered articles/_form.html.erb (87.7ms)
  Rendered articles/new.html.erb within layouts/application (110.2ms)
Completed 200 OK in 119ms (Views: 113.9ms | ActiveRecord: 2.7ms)


Started POST "/articles" for 127.0.0.1 at 2016-09-28 21:00:02 +0700
Processing by ArticlesController#create as HTML
  Parameters: {"utf8"=>"✓", "authenticity_token"=>"H0fBBl4gDbRrqqq9miMWwyrA5UxpdD1KVqTyop9pC3o=", "article"=>{"title"=>"Blog 1 :  Ruby", "body"=>"Tìm hiểu ruby"}, "commit"=>"Create Article"}
  [1m[36m (0.2ms)[0m  [1mBEGIN[0m
  [1m[35mSQL (59.8ms)[0m  INSERT INTO "articles" ("body", "created_at", "title", "updated_at") VALUES ($1, $2, $3, $4) RETURNING "id"  [["body", "Tìm hiểu ruby"], ["created_at", Wed, 28 Sep 2016 14:00:02 UTC +00:00], ["title", "Blog 1 :  Ruby"], ["updated_at", Wed, 28 Sep 2016 14:00:02 UTC +00:00]]
  [1m[36m (16.6ms)[0m  [1mCOMMIT[0m
Redirected to http://localhost:3000/articles/1
Completed 302 Found in 81ms (ActiveRecord: 76.8ms)


Started GET "/articles/1" for 127.0.0.1 at 2016-09-28 21:00:02 +0700
Processing by ArticlesController#show as HTML
  Parameters: {"id"=>"1"}
  [1m[35mArticle Load (0.7ms)[0m  SELECT "articles".* FROM "articles" WHERE "articles"."id" = $1 LIMIT 1  [["id", "1"]]
  Rendered articles/show.html.erb within layouts/application (1.0ms)
Completed 200 OK in 8ms (Views: 5.1ms | ActiveRecord: 0.7ms)


Started GET "/assets/application.css?body=1" for 127.0.0.1 at 2016-09-28 21:00:02 +0700


Started GET "/assets/articles.css?body=1" for 127.0.0.1 at 2016-09-28 21:00:02 +0700


Started GET "/assets/scaffolds.css?body=1" for 127.0.0.1 at 2016-09-28 21:00:02 +0700


Started GET "/assets/articles.js?body=1" for 127.0.0.1 at 2016-09-28 21:00:02 +0700


Started GET "/assets/application.js?body=1" for 127.0.0.1 at 2016-09-28 21:00:02 +0700


Started GET "/articles" for 127.0.0.1 at 2016-09-28 21:00:07 +0700
Processing by ArticlesController#index as HTML
  [1m[36mArticle Load (0.8ms)[0m  [1mSELECT "articles".* FROM "articles"[0m
  Rendered articles/index.html.erb within layouts/application (4.3ms)
Completed 200 OK in 13ms (Views: 11.4ms | ActiveRecord: 0.8ms)


Started GET "/articles/1/edit" for 127.0.0.1 at 2016-09-28 21:00:09 +0700
Processing by ArticlesController#edit as HTML
  Parameters: {"id"=>"1"}
  [1m[35mArticle Load (0.9ms)[0m  SELECT "articles".* FROM "articles" WHERE "articles"."id" = $1 LIMIT 1  [["id", "1"]]
  Rendered articles/_form.html.erb (9.1ms)
  Rendered articles/edit.html.erb within layouts/application (13.0ms)
Completed 200 OK in 22ms (Views: 18.8ms | ActiveRecord: 0.9ms)


Started GET "/articles" for 127.0.0.1 at 2016-09-28 21:00:11 +0700
Processing by ArticlesController#index as HTML
  [1m[36mArticle Load (0.8ms)[0m  [1mSELECT "articles".* FROM "articles"[0m
  Rendered articles/index.html.erb within layouts/application (5.6ms)
Completed 200 OK in 14ms (Views: 11.8ms | ActiveRecord: 0.8ms)


Started GET "/articles/1" for 127.0.0.1 at 2016-09-28 21:00:12 +0700
Processing by ArticlesController#show as HTML
  Parameters: {"id"=>"1"}
  [1m[35mArticle Load (0.8ms)[0m  SELECT "articles".* FROM "articles" WHERE "articles"."id" = $1 LIMIT 1  [["id", "1"]]
  Rendered articles/show.html.erb within layouts/application (1.1ms)
Completed 200 OK in 13ms (Views: 9.9ms | ActiveRecord: 0.8ms)


Started GET "/articles" for 127.0.0.1 at 2016-09-28 21:00:13 +0700
Processing by ArticlesController#index as HTML
  [1m[36mArticle Load (2.0ms)[0m  [1mSELECT "articles".* FROM "articles"[0m
  Rendered articles/index.html.erb within layouts/application (4.8ms)
Completed 200 OK in 38ms (Views: 21.9ms | ActiveRecord: 2.0ms)


Started GET "/articles/1" for 127.0.0.1 at 2016-09-28 21:00:26 +0700
Processing by ArticlesController#show as HTML
  Parameters: {"id"=>"1"}
  [1m[35mArticle Load (0.4ms)[0m  SELECT "articles".* FROM "articles" WHERE "articles"."id" = $1 LIMIT 1  [["id", "1"]]
  Rendered articles/show.html.erb within layouts/application (0.5ms)
Completed 200 OK in 7ms (Views: 5.7ms | ActiveRecord: 0.4ms)


Started GET "/articles" for 127.0.0.1 at 2016-09-28 21:00:28 +0700
Processing by ArticlesController#index as HTML
  [1m[36mArticle Load (0.6ms)[0m  [1mSELECT "articles".* FROM "articles"[0m
  Rendered articles/index.html.erb within layouts/application (2.5ms)
Completed 200 OK in 9ms (Views: 7.6ms | ActiveRecord: 0.6ms)


Started GET "/articles" for 127.0.0.1 at 2016-09-28 21:33:13 +0700
  [1m[36mActiveRecord::SchemaMigration Load (0.5ms)[0m  [1mSELECT "schema_migrations".* FROM "schema_migrations"[0m
Processing by ArticlesController#index as HTML
  [1m[35mArticle Load (0.6ms)[0m  SELECT "articles".* FROM "articles"
  Rendered articles/index.html.erb within layouts/application (10.1ms)
Completed 500 Internal Server Error in 115ms

ActionView::Template::Error (File to import not found or unreadable: bootstrap.
Load paths:
  /home/pain/data/ruby/blog/app/assets/images
  /home/pain/data/ruby/blog/app/assets/javascripts
  /home/pain/data/ruby/blog/app/assets/stylesheets
  /home/pain/data/ruby/blog/vendor/assets/javascripts
  /home/pain/data/ruby/blog/vendor/assets/stylesheets
  /var/lib/gems/1.9.1/gems/jquery-rails-3.1.4/vendor/assets/javascripts
  /var/lib/gems/1.9.1/gems/coffee-rails-4.0.1/lib/assets/javascripts
  /var/lib/gems/1.9.1/gems/turbolinks-source-5.0.0/lib/assets/javascripts
  (in /home/pain/data/ruby/blog/app/assets/stylesheets/application.scss:2)):
    2: <html>
    3: <head>
    4:   <title>Blog</title>
    5:   <%= stylesheet_link_tag    "application", media: "all", "data-turbolinks-track" => true %>
    6:   <%= javascript_include_tag "application", "data-turbolinks-track" => true %>
    7:   <%= csrf_meta_tags %>
    8: </head>
  app/assets/stylesheets/application.scss:2
  app/views/layouts/application.html.erb:5:in `_app_views_layouts_application_html_erb__3606253241721152238_36699860'


  Rendered /usr/lib/ruby/vendor_ruby/action_dispatch/middleware/templates/rescues/_trace.erb (1.0ms)
  Rendered /usr/lib/ruby/vendor_ruby/action_dispatch/middleware/templates/rescues/_request_and_response.erb (0.6ms)
  Rendered /usr/lib/ruby/vendor_ruby/action_dispatch/middleware/templates/rescues/template_error.erb within rescues/layout (7.0ms)


Started GET "/articles" for 127.0.0.1 at 2016-09-28 21:33:53 +0700
  [1m[36mActiveRecord::SchemaMigration Load (0.5ms)[0m  [1mSELECT "schema_migrations".* FROM "schema_migrations"[0m
Processing by ArticlesController#index as HTML
  [1m[35mArticle Load (0.5ms)[0m  SELECT "articles".* FROM "articles"
  Rendered articles/index.html.erb within layouts/application (10.6ms)
Completed 200 OK in 129ms (Views: 115.8ms | ActiveRecord: 2.4ms)


Started GET "/assets/application.css?body=1" for 127.0.0.1 at 2016-09-28 21:33:54 +0700


Started GET "/assets/articles.js?body=1" for 127.0.0.1 at 2016-09-28 21:33:54 +0700


Started GET "/assets/jquery.js?body=1" for 127.0.0.1 at 2016-09-28 21:33:54 +0700


Started GET "/assets/jquery_ujs.js?body=1" for 127.0.0.1 at 2016-09-28 21:33:54 +0700


Started GET "/assets/turbolinks.js?body=1" for 127.0.0.1 at 2016-09-28 21:33:54 +0700


Started GET "/assets/application.js?body=1" for 127.0.0.1 at 2016-09-28 21:33:54 +0700


Started GET "/articles" for 127.0.0.1 at 2016-09-28 22:34:33 +0700
  [1m[36mActiveRecord::SchemaMigration Load (0.5ms)[0m  [1mSELECT "schema_migrations".* FROM "schema_migrations"[0m
Processing by ArticlesController#index as HTML
  [1m[35mArticle Load (0.7ms)[0m  SELECT "articles".* FROM "articles"
  Rendered articles/index.html.erb within layouts/application (30.2ms)
Completed 200 OK in 312ms (Views: 230.3ms | ActiveRecord: 2.8ms)


Started GET "/assets/application.css?body=1" for 127.0.0.1 at 2016-09-28 22:34:35 +0700


Started GET "/assets/application.js?body=1" for 127.0.0.1 at 2016-09-28 22:34:35 +0700


Started GET "/assets/jquery.js?body=1" for 127.0.0.1 at 2016-09-28 22:34:35 +0700


Started GET "/assets/turbolinks.js?body=1" for 127.0.0.1 at 2016-09-28 22:34:35 +0700


Started GET "/assets/articles.js?body=1" for 127.0.0.1 at 2016-09-28 22:34:35 +0700


Started GET "/assets/jquery_ujs.js?body=1" for 127.0.0.1 at 2016-09-28 22:34:35 +0700


Started GET "/articles/1/edit" for 127.0.0.1 at 2016-09-28 22:34:40 +0700
Processing by ArticlesController#edit as HTML
  Parameters: {"id"=>"1"}
  [1m[36mArticle Load (1.0ms)[0m  [1mSELECT "articles".* FROM "articles" WHERE "articles"."id" = $1 LIMIT 1[0m  [["id", "1"]]
  Rendered articles/_form.html.erb (146.2ms)
  Rendered articles/edit.html.erb within layouts/application (157.8ms)
Completed 200 OK in 169ms (Views: 166.1ms | ActiveRecord: 1.3ms)


Started PATCH "/articles/1" for 127.0.0.1 at 2016-09-28 22:34:47 +0700
Processing by ArticlesController#update as HTML
  Parameters: {"utf8"=>"✓", "authenticity_token"=>"H0fBBl4gDbRrqqq9miMWwyrA5UxpdD1KVqTyop9pC3o=", "article"=>{"title"=>"Blog 1 :  Ruby", "body"=>"Tìm *hiểu* ruby"}, "commit"=>"Update Article", "id"=>"1"}
  [1m[35mArticle Load (0.4ms)[0m  SELECT "articles".* FROM "articles" WHERE "articles"."id" = $1 LIMIT 1  [["id", "1"]]
  [1m[36m (0.2ms)[0m  [1mBEGIN[0m
  [1m[35mSQL (48.6ms)[0m  UPDATE "articles" SET "body" = $1, "updated_at" = $2 WHERE "articles"."id" = 1  [["body", "Tìm *hiểu* ruby"], ["updated_at", Wed, 28 Sep 2016 15:34:47 UTC +00:00]]
  [1m[36m (38.1ms)[0m  [1mCOMMIT[0m
Redirected to http://localhost:3000/articles/1
Completed 302 Found in 92ms (ActiveRecord: 87.3ms)


Started GET "/articles/1" for 127.0.0.1 at 2016-09-28 22:34:47 +0700
Processing by ArticlesController#show as HTML
  Parameters: {"id"=>"1"}
  [1m[35mArticle Load (0.4ms)[0m  SELECT "articles".* FROM "articles" WHERE "articles"."id" = $1 LIMIT 1  [["id", "1"]]
  Rendered articles/show.html.erb within layouts/application (1.0ms)
Completed 200 OK in 18ms (Views: 16.1ms | ActiveRecord: 0.4ms)


Started GET "/assets/application.css?body=1" for 127.0.0.1 at 2016-09-28 22:34:47 +0700


Started GET "/assets/jquery.js?body=1" for 127.0.0.1 at 2016-09-28 22:34:47 +0700


Started GET "/assets/turbolinks.js?body=1" for 127.0.0.1 at 2016-09-28 22:34:47 +0700


Started GET "/assets/articles.js?body=1" for 127.0.0.1 at 2016-09-28 22:34:47 +0700


Started GET "/assets/jquery_ujs.js?body=1" for 127.0.0.1 at 2016-09-28 22:34:47 +0700


Started GET "/assets/application.js?body=1" for 127.0.0.1 at 2016-09-28 22:34:47 +0700


Started GET "/articles" for 127.0.0.1 at 2016-09-28 23:25:40 +0700
Processing by ArticlesController#index as HTML
  [1m[36mArticle Load (0.6ms)[0m  [1mSELECT "articles".* FROM "articles"[0m
  Rendered articles/index.html.erb within layouts/application (2.2ms)
Completed 200 OK in 60ms (Views: 58.7ms | ActiveRecord: 0.6ms)


Started GET "/" for 127.0.0.1 at 2016-09-29 09:37:39 +0700
  [1m[36mActiveRecord::SchemaMigration Load (16.4ms)[0m  [1mSELECT "schema_migrations".* FROM "schema_migrations"[0m
Processing by Rails::WelcomeController#index as HTML
  Rendered /usr/lib/ruby/vendor_ruby/rails/templates/rails/welcome/index.html.erb (21.1ms)
Completed 200 OK in 132ms (Views: 71.2ms | ActiveRecord: 0.0ms)


Started GET "/posts" for 127.0.0.1 at 2016-09-29 09:37:44 +0700

ActionController::RoutingError (No route matches [GET] "/posts"):
  /usr/lib/ruby/vendor_ruby/action_dispatch/middleware/debug_exceptions.rb:21:in `call'
  /usr/lib/ruby/vendor_ruby/action_dispatch/middleware/show_exceptions.rb:30:in `call'
  /usr/lib/ruby/vendor_ruby/rails/rack/logger.rb:38:in `call_app'
  /usr/lib/ruby/vendor_ruby/rails/rack/logger.rb:20:in `block in call'
  /usr/lib/ruby/vendor_ruby/active_support/tagged_logging.rb:67:in `block in tagged'
  /usr/lib/ruby/vendor_ruby/active_support/tagged_logging.rb:25:in `tagged'
  /usr/lib/ruby/vendor_ruby/active_support/tagged_logging.rb:67:in `tagged'
  /usr/lib/ruby/vendor_ruby/rails/rack/logger.rb:20:in `call'
  /usr/lib/ruby/vendor_ruby/action_dispatch/middleware/request_id.rb:21:in `call'
  rack (1.5.5) lib/rack/methodoverride.rb:21:in `call'
  rack (1.5.5) lib/rack/runtime.rb:17:in `call'
  /usr/lib/ruby/vendor_ruby/active_support/cache/strategy/local_cache.rb:83:in `call'
  rack (1.5.5) lib/rack/lock.rb:17:in `call'
  /usr/lib/ruby/vendor_ruby/action_dispatch/middleware/static.rb:64:in `call'
  rack (1.5.5) lib/rack/sendfile.rb:112:in `call'
  /usr/lib/ruby/vendor_ruby/rails/engine.rb:511:in `call'
  /usr/lib/ruby/vendor_ruby/rails/application.rb:97:in `call'
  rack (1.5.5) lib/rack/lock.rb:17:in `call'
  rack (1.5.5) lib/rack/content_length.rb:14:in `call'
  rack (1.5.5) lib/rack/handler/webrick.rb:60:in `service'
  /usr/lib/ruby/1.9.1/webrick/httpserver.rb:138:in `service'
  /usr/lib/ruby/1.9.1/webrick/httpserver.rb:94:in `run'
  /usr/lib/ruby/1.9.1/webrick/server.rb:191:in `block in start_thread'


  Rendered /usr/lib/ruby/vendor_ruby/action_dispatch/middleware/templates/rescues/_trace.erb (1.1ms)
  Rendered /usr/lib/ruby/vendor_ruby/action_dispatch/middleware/templates/routes/_route.html.erb (2.1ms)
  Rendered /usr/lib/ruby/vendor_ruby/action_dispatch/middleware/templates/routes/_table.html.erb (30.1ms)
  Rendered /usr/lib/ruby/vendor_ruby/action_dispatch/middleware/templates/rescues/routing_error.erb within rescues/layout (156.6ms)


Started GET "/articles" for 127.0.0.1 at 2016-09-29 09:37:51 +0700
Processing by ArticlesController#index as HTML
  [1m[35mArticle Load (365.0ms)[0m  SELECT "articles".* FROM "articles"
  Rendered articles/index.html.erb within layouts/application (397.0ms)
Completed 200 OK in 727ms (Views: 211.5ms | ActiveRecord: 367.0ms)


Started GET "/assets/application.css?body=1" for 127.0.0.1 at 2016-09-29 09:37:52 +0700


Started GET "/assets/application.js?body=1" for 127.0.0.1 at 2016-09-29 09:37:52 +0700


Started GET "/assets/jquery_ujs.js?body=1" for 127.0.0.1 at 2016-09-29 09:37:52 +0700


Started GET "/assets/articles.js?body=1" for 127.0.0.1 at 2016-09-29 09:37:52 +0700


Started GET "/assets/jquery.js?body=1" for 127.0.0.1 at 2016-09-29 09:37:52 +0700


Started GET "/assets/turbolinks.js?body=1" for 127.0.0.1 at 2016-09-29 09:37:52 +0700


Started GET "/articles" for 127.0.0.1 at 2016-09-29 09:39:57 +0700
Processing by ArticlesController#index as HTML
  [1m[36mArticle Load (0.5ms)[0m  [1mSELECT "articles".* FROM "articles"[0m
  Rendered articles/index.html.erb within layouts/application (2.5ms)
Completed 200 OK in 6ms (Views: 4.7ms | ActiveRecord: 0.5ms)


Started GET "/assets/application.css?body=1" for 127.0.0.1 at 2016-09-29 09:39:57 +0700


Started GET "/assets/jquery.js?body=1" for 127.0.0.1 at 2016-09-29 09:39:57 +0700


Started GET "/assets/jquery_ujs.js?body=1" for 127.0.0.1 at 2016-09-29 09:39:57 +0700


Started GET "/assets/turbolinks.js?body=1" for 127.0.0.1 at 2016-09-29 09:39:57 +0700


Started GET "/assets/application.js?body=1" for 127.0.0.1 at 2016-09-29 09:39:57 +0700


Started GET "/assets/articles.js?body=1" for 127.0.0.1 at 2016-09-29 09:39:57 +0700


Started GET "/articles" for 127.0.0.1 at 2016-09-29 09:41:04 +0700
Processing by ArticlesController#index as HTML
  [1m[35mArticle Load (0.4ms)[0m  SELECT "articles".* FROM "articles"
  Rendered articles/index.html.erb within layouts/application (2.4ms)
Completed 200 OK in 6ms (Views: 5.2ms | ActiveRecord: 0.4ms)


Started GET "/assets/application.css?body=1" for 127.0.0.1 at 2016-09-29 09:41:04 +0700


Started GET "/assets/jquery.js?body=1" for 127.0.0.1 at 2016-09-29 09:41:04 +0700


Started GET "/assets/turbolinks.js?body=1" for 127.0.0.1 at 2016-09-29 09:41:04 +0700


Started GET "/assets/application.js?body=1" for 127.0.0.1 at 2016-09-29 09:41:04 +0700


Started GET "/assets/jquery_ujs.js?body=1" for 127.0.0.1 at 2016-09-29 09:41:04 +0700


Started GET "/assets/articles.js?body=1" for 127.0.0.1 at 2016-09-29 09:41:04 +0700


Started GET "/articles" for 127.0.0.1 at 2016-09-29 09:42:41 +0700
Processing by ArticlesController#index as HTML
  [1m[36mArticle Load (0.5ms)[0m  [1mSELECT "articles".* FROM "articles"[0m
  Rendered articles/index.html.erb within layouts/application (2.3ms)
Completed 200 OK in 6ms (Views: 5.1ms | ActiveRecord: 0.5ms)


Started GET "/assets/application.css?body=1" for 127.0.0.1 at 2016-09-29 09:42:41 +0700


Started GET "/assets/turbolinks.js?body=1" for 127.0.0.1 at 2016-09-29 09:42:41 +0700


Started GET "/assets/jquery_ujs.js?body=1" for 127.0.0.1 at 2016-09-29 09:42:41 +0700


Started GET "/assets/articles.js?body=1" for 127.0.0.1 at 2016-09-29 09:42:41 +0700


Started GET "/assets/jquery.js?body=1" for 127.0.0.1 at 2016-09-29 09:42:41 +0700


Started GET "/assets/application.js?body=1" for 127.0.0.1 at 2016-09-29 09:42:41 +0700


Started GET "/articles" for 127.0.0.1 at 2016-09-29 09:52:25 +0700
  [1m[36mActiveRecord::SchemaMigration Load (0.4ms)[0m  [1mSELECT "schema_migrations".* FROM "schema_migrations"[0m
Processing by ArticlesController#index as HTML
ERROR: compiling _app_views_articles_index_html_erb___1775354442241865173_28385480 RAISED /home/pain/data/ruby/blog/app/views/articles/index.html.erb:31: syntax error, unexpected '<'
  </div>
   ^
/home/pain/data/ruby/blog/app/views/articles/index.html.erb:32: unknown regexp options - dv
/home/pain/data/ruby/blog/app/views/articles/index.html.erb:34: syntax error, unexpected '<'
<%= link_to 'New Article', new_article_path 
 ^
/home/pain/data/ruby/blog/app/views/articles/index.html.erb:37: syntax error, unexpected tIDENTIFIER, expecting keyword_end
...tput_buffer = _old_virtual_path, _old_output_buffer
...                               ^
/home/pain/data/ruby/blog/app/views/articles/index.html.erb:37: syntax error, unexpected '\n', expecting '='
Function body:           def _app_views_articles_index_html_erb___1775354442241865173_28385480(local_assigns, output_buffer)
            _old_virtual_path, @virtual_path = @virtual_path, "articles/index";_old_output_buffer = @output_buffer;;@output_buffer = output_buffer || ActionView::OutputBuffer.new;@output_buffer.safe_append='<h1>BLOGLIFE</h1>
<!-- <table>
  <thead>
    <tr>
      <th>Title</th>
      <th>Body</th>
      <th></th>
      <th></th>
      <th></th>
    </tr>
  </thead>

  <tbody>
';     @articles.each do |article| 
@output_buffer.safe_append='      <tr>
        <td>';@output_buffer.append=( article.title );@output_buffer.safe_append='</td>
        <td>';@output_buffer.append=( article.body );@output_buffer.safe_append='</td>
        <td>';@output_buffer.append=( link_to 'Show', article );@output_buffer.safe_append='</td>
        <td>';@output_buffer.append=( link_to 'Edit', edit_article_path(article) );@output_buffer.safe_append='</td>
        <td>';@output_buffer.append=( link_to 'Destroy', article, method: :delete, data: { confirm: 'Are you sure?' } );@output_buffer.safe_append='</td>
      </tr>
';     end 
@output_buffer.safe_append='  </tbody>
</table>

<br> -->
<div class="row">
  <div class="col-sm-8">
';     @articles.each do |articles| 
    end>
  </div>
</div>

<%= link_to 'New Article', new_article_path 
@output_buffer.to_s
          ensure
            @virtual_path, @output_buffer = _old_virtual_path, _old_output_buffer
          end

Backtrace: /usr/lib/ruby/vendor_ruby/action_view/template.rb:299:in `module_eval'
/usr/lib/ruby/vendor_ruby/action_view/template.rb:299:in `compile'
/usr/lib/ruby/vendor_ruby/action_view/template.rb:248:in `block in compile!'
<internal:prelude>:10:in `synchronize'
/usr/lib/ruby/vendor_ruby/action_view/template.rb:236:in `compile!'
/usr/lib/ruby/vendor_ruby/action_view/template.rb:142:in `block in render'
/usr/lib/ruby/vendor_ruby/active_support/notifications.rb:161:in `instrument'
/usr/lib/ruby/vendor_ruby/action_view/template.rb:141:in `render'
/usr/lib/ruby/vendor_ruby/action_view/renderer/template_renderer.rb:49:in `block (2 levels) in render_template'
/usr/lib/ruby/vendor_ruby/action_view/renderer/abstract_renderer.rb:38:in `block in instrument'
/usr/lib/ruby/vendor_ruby/active_support/notifications.rb:159:in `block in instrument'
/usr/lib/ruby/vendor_ruby/active_support/notifications/instrumenter.rb:20:in `instrument'
/usr/lib/ruby/vendor_ruby/active_support/notifications.rb:159:in `instrument'
/usr/lib/ruby/vendor_ruby/action_view/renderer/abstract_renderer.rb:38:in `instrument'
/usr/lib/ruby/vendor_ruby/action_view/renderer/template_renderer.rb:48:in `block in render_template'
/usr/lib/ruby/vendor_ruby/action_view/renderer/template_renderer.rb:56:in `render_with_layout'
/usr/lib/ruby/vendor_ruby/action_view/renderer/template_renderer.rb:47:in `render_template'
/usr/lib/ruby/vendor_ruby/action_view/renderer/template_renderer.rb:17:in `render'
/usr/lib/ruby/vendor_ruby/action_view/renderer/renderer.rb:42:in `render_template'
/usr/lib/ruby/vendor_ruby/action_view/renderer/renderer.rb:23:in `render'
/usr/lib/ruby/vendor_ruby/abstract_controller/rendering.rb:127:in `_render_template'
/usr/lib/ruby/vendor_ruby/action_controller/metal/streaming.rb:219:in `_render_template'
/usr/lib/ruby/vendor_ruby/abstract_controller/rendering.rb:120:in `render_to_body'
/usr/lib/ruby/vendor_ruby/action_controller/metal/rendering.rb:33:in `render_to_body'
/usr/lib/ruby/vendor_ruby/action_controller/metal/renderers.rb:26:in `render_to_body'
/usr/lib/ruby/vendor_ruby/abstract_controller/rendering.rb:97:in `render'
/usr/lib/ruby/vendor_ruby/action_controller/metal/rendering.rb:16:in `render'
/usr/lib/ruby/vendor_ruby/action_controller/metal/instrumentation.rb:41:in `block (2 levels) in render'
/usr/lib/ruby/vendor_ruby/active_support/core_ext/benchmark.rb:12:in `block in ms'
/usr/lib/ruby/1.9.1/benchmark.rb:295:in `realtime'
/usr/lib/ruby/vendor_ruby/active_support/core_ext/benchmark.rb:12:in `ms'
/usr/lib/ruby/vendor_ruby/action_controller/metal/instrumentation.rb:41:in `block in render'
/usr/lib/ruby/vendor_ruby/action_controller/metal/instrumentation.rb:84:in `cleanup_view_runtime'
/var/lib/gems/1.9.1/gems/activerecord-4.0.2/lib/active_record/railties/controller_runtime.rb:25:in `cleanup_view_runtime'
/usr/lib/ruby/vendor_ruby/action_controller/metal/instrumentation.rb:40:in `render'
/usr/lib/ruby/vendor_ruby/action_controller/metal/implicit_render.rb:10:in `default_render'
/usr/lib/ruby/vendor_ruby/action_controller/metal/implicit_render.rb:5:in `send_action'
/usr/lib/ruby/vendor_ruby/abstract_controller/base.rb:189:in `process_action'
/usr/lib/ruby/vendor_ruby/action_controller/metal/rendering.rb:10:in `process_action'
/usr/lib/ruby/vendor_ruby/abstract_controller/callbacks.rb:18:in `block in process_action'
/usr/lib/ruby/vendor_ruby/active_support/callbacks.rb:403:in `_run__2522501832643509127__process_action__callbacks'
/usr/lib/ruby/vendor_ruby/active_support/callbacks.rb:80:in `run_callbacks'
/usr/lib/ruby/vendor_ruby/abstract_controller/callbacks.rb:17:in `process_action'
/usr/lib/ruby/vendor_ruby/action_controller/metal/rescue.rb:29:in `process_action'
/usr/lib/ruby/vendor_ruby/action_controller/metal/instrumentation.rb:31:in `block in process_action'
/usr/lib/ruby/vendor_ruby/active_support/notifications.rb:159:in `block in instrument'
/usr/lib/ruby/vendor_ruby/active_support/notifications/instrumenter.rb:20:in `instrument'
/usr/lib/ruby/vendor_ruby/active_support/notifications.rb:159:in `instrument'
/usr/lib/ruby/vendor_ruby/action_controller/metal/instrumentation.rb:30:in `process_action'
/usr/lib/ruby/vendor_ruby/action_controller/metal/params_wrapper.rb:245:in `process_action'
/var/lib/gems/1.9.1/gems/activerecord-4.0.2/lib/active_record/railties/controller_runtime.rb:18:in `process_action'
/usr/lib/ruby/vendor_ruby/abstract_controller/base.rb:136:in `process'
/usr/lib/ruby/vendor_ruby/abstract_controller/rendering.rb:44:in `process'
/usr/lib/ruby/vendor_ruby/action_controller/metal.rb:195:in `dispatch'
/usr/lib/ruby/vendor_ruby/action_controller/metal/rack_delegation.rb:13:in `dispatch'
/usr/lib/ruby/vendor_ruby/action_controller/metal.rb:231:in `block in action'
/usr/lib/ruby/vendor_ruby/action_dispatch/routing/route_set.rb:80:in `call'
/usr/lib/ruby/vendor_ruby/action_dispatch/routing/route_set.rb:80:in `dispatch'
/usr/lib/ruby/vendor_ruby/action_dispatch/routing/route_set.rb:48:in `call'
/usr/lib/ruby/vendor_ruby/action_dispatch/journey/router.rb:71:in `block in call'
/usr/lib/ruby/vendor_ruby/action_dispatch/journey/router.rb:59:in `each'
/usr/lib/ruby/vendor_ruby/action_dispatch/journey/router.rb:59:in `call'
/usr/lib/ruby/vendor_ruby/action_dispatch/routing/route_set.rb:680:in `call'
/var/lib/gems/1.9.1/gems/rack-1.5.5/lib/rack/etag.rb:23:in `call'
/var/lib/gems/1.9.1/gems/rack-1.5.5/lib/rack/conditionalget.rb:25:in `call'
/var/lib/gems/1.9.1/gems/rack-1.5.5/lib/rack/head.rb:11:in `call'
/usr/lib/ruby/vendor_ruby/action_dispatch/middleware/params_parser.rb:27:in `call'
/usr/lib/ruby/vendor_ruby/action_dispatch/middleware/flash.rb:241:in `call'
/var/lib/gems/1.9.1/gems/rack-1.5.5/lib/rack/session/abstract/id.rb:225:in `context'
/var/lib/gems/1.9.1/gems/rack-1.5.5/lib/rack/session/abstract/id.rb:220:in `call'
/usr/lib/ruby/vendor_ruby/action_dispatch/middleware/cookies.rb:486:in `call'
/var/lib/gems/1.9.1/gems/activerecord-4.0.2/lib/active_record/query_cache.rb:36:in `call'
/var/lib/gems/1.9.1/gems/activerecord-4.0.2/lib/active_record/connection_adapters/abstract/connection_pool.rb:626:in `call'
/var/lib/gems/1.9.1/gems/activerecord-4.0.2/lib/active_record/migration.rb:369:in `call'
/usr/lib/ruby/vendor_ruby/action_dispatch/middleware/callbacks.rb:29:in `block in call'
/usr/lib/ruby/vendor_ruby/active_support/callbacks.rb:373:in `_run__1436925372513432974__call__callbacks'
/usr/lib/ruby/vendor_ruby/active_support/callbacks.rb:80:in `run_callbacks'
/usr/lib/ruby/vendor_ruby/action_dispatch/middleware/callbacks.rb:27:in `call'
/usr/lib/ruby/vendor_ruby/action_dispatch/middleware/reloader.rb:64:in `call'
/usr/lib/ruby/vendor_ruby/action_dispatch/middleware/remote_ip.rb:76:in `call'
/usr/lib/ruby/vendor_ruby/action_dispatch/middleware/debug_exceptions.rb:17:in `call'
/usr/lib/ruby/vendor_ruby/action_dispatch/middleware/show_exceptions.rb:30:in `call'
/usr/lib/ruby/vendor_ruby/rails/rack/logger.rb:38:in `call_app'
/usr/lib/ruby/vendor_ruby/rails/rack/logger.rb:20:in `block in call'
/usr/lib/ruby/vendor_ruby/active_support/tagged_logging.rb:67:in `block in tagged'
/usr/lib/ruby/vendor_ruby/active_support/tagged_logging.rb:25:in `tagged'
/usr/lib/ruby/vendor_ruby/active_support/tagged_logging.rb:67:in `tagged'
/usr/lib/ruby/vendor_ruby/rails/rack/logger.rb:20:in `call'
/usr/lib/ruby/vendor_ruby/action_dispatch/middleware/request_id.rb:21:in `call'
/var/lib/gems/1.9.1/gems/rack-1.5.5/lib/rack/methodoverride.rb:21:in `call'
/var/lib/gems/1.9.1/gems/rack-1.5.5/lib/rack/runtime.rb:17:in `call'
/usr/lib/ruby/vendor_ruby/active_support/cache/strategy/local_cache.rb:83:in `call'
/var/lib/gems/1.9.1/gems/rack-1.5.5/lib/rack/lock.rb:17:in `call'
/usr/lib/ruby/vendor_ruby/action_dispatch/middleware/static.rb:64:in `call'
/var/lib/gems/1.9.1/gems/rack-1.5.5/lib/rack/sendfile.rb:112:in `call'
/usr/lib/ruby/vendor_ruby/rails/engine.rb:511:in `call'
/usr/lib/ruby/vendor_ruby/rails/application.rb:97:in `call'
/var/lib/gems/1.9.1/gems/rack-1.5.5/lib/rack/lock.rb:17:in `call'
/var/lib/gems/1.9.1/gems/rack-1.5.5/lib/rack/content_length.rb:14:in `call'
/var/lib/gems/1.9.1/gems/rack-1.5.5/lib/rack/handler/webrick.rb:60:in `service'
/usr/lib/ruby/1.9.1/webrick/httpserver.rb:138:in `service'
/usr/lib/ruby/1.9.1/webrick/httpserver.rb:94:in `run'
/usr/lib/ruby/1.9.1/webrick/server.rb:191:in `block in start_thread'
  Rendered articles/index.html.erb within layouts/application (26.3ms)
Completed 500 Internal Server Error in 92ms

ActionView::Template::Error (/home/pain/data/ruby/blog/app/views/articles/index.html.erb:31: syntax error, unexpected '<'
  </div>
   ^
/home/pain/data/ruby/blog/app/views/articles/index.html.erb:32: unknown regexp options - dv
/home/pain/data/ruby/blog/app/views/articles/index.html.erb:34: syntax error, unexpected '<'
<%= link_to 'New Article', new_article_path 
 ^
/home/pain/data/ruby/blog/app/views/articles/index.html.erb:37: syntax error, unexpected tIDENTIFIER, expecting keyword_end
...tput_buffer = _old_virtual_path, _old_output_buffer
...                               ^
/home/pain/data/ruby/blog/app/views/articles/index.html.erb:37: syntax error, unexpected '\n', expecting '='):
    28:   <div class="col-sm-8">
    29:     <% @articles.each do |articles| %>
    30:     <%end>
    31:   </div>
    32: </div>
    33: 
    34: <%= link_to 'New Article', new_article_path %>
  /usr/lib/ruby/vendor_ruby/action_view/template.rb:299:in `module_eval'
  /usr/lib/ruby/vendor_ruby/action_view/template.rb:299:in `compile'
  /usr/lib/ruby/vendor_ruby/action_view/template.rb:248:in `block in compile!'
  <internal:prelude>:10:in `synchronize'
  /usr/lib/ruby/vendor_ruby/action_view/template.rb:236:in `compile!'
  /usr/lib/ruby/vendor_ruby/action_view/template.rb:142:in `block in render'
  /usr/lib/ruby/vendor_ruby/active_support/notifications.rb:161:in `instrument'
  /usr/lib/ruby/vendor_ruby/action_view/template.rb:141:in `render'
  /usr/lib/ruby/vendor_ruby/action_view/renderer/template_renderer.rb:49:in `block (2 levels) in render_template'
  /usr/lib/ruby/vendor_ruby/action_view/renderer/abstract_renderer.rb:38:in `block in instrument'
  /usr/lib/ruby/vendor_ruby/active_support/notifications.rb:159:in `block in instrument'
  /usr/lib/ruby/vendor_ruby/active_support/notifications/instrumenter.rb:20:in `instrument'
  /usr/lib/ruby/vendor_ruby/active_support/notifications.rb:159:in `instrument'
  /usr/lib/ruby/vendor_ruby/action_view/renderer/abstract_renderer.rb:38:in `instrument'
  /usr/lib/ruby/vendor_ruby/action_view/renderer/template_renderer.rb:48:in `block in render_template'
  /usr/lib/ruby/vendor_ruby/action_view/renderer/template_renderer.rb:56:in `render_with_layout'
  /usr/lib/ruby/vendor_ruby/action_view/renderer/template_renderer.rb:47:in `render_template'
  /usr/lib/ruby/vendor_ruby/action_view/renderer/template_renderer.rb:17:in `render'
  /usr/lib/ruby/vendor_ruby/action_view/renderer/renderer.rb:42:in `render_template'
  /usr/lib/ruby/vendor_ruby/action_view/renderer/renderer.rb:23:in `render'
  /usr/lib/ruby/vendor_ruby/abstract_controller/rendering.rb:127:in `_render_template'
  /usr/lib/ruby/vendor_ruby/action_controller/metal/streaming.rb:219:in `_render_template'
  /usr/lib/ruby/vendor_ruby/abstract_controller/rendering.rb:120:in `render_to_body'
  /usr/lib/ruby/vendor_ruby/action_controller/metal/rendering.rb:33:in `render_to_body'
  /usr/lib/ruby/vendor_ruby/action_controller/metal/renderers.rb:26:in `render_to_body'
  /usr/lib/ruby/vendor_ruby/abstract_controller/rendering.rb:97:in `render'
  /usr/lib/ruby/vendor_ruby/action_controller/metal/rendering.rb:16:in `render'
  /usr/lib/ruby/vendor_ruby/action_controller/metal/instrumentation.rb:41:in `block (2 levels) in render'
  /usr/lib/ruby/vendor_ruby/active_support/core_ext/benchmark.rb:12:in `block in ms'
  /usr/lib/ruby/1.9.1/benchmark.rb:295:in `realtime'
  /usr/lib/ruby/vendor_ruby/active_support/core_ext/benchmark.rb:12:in `ms'
  /usr/lib/ruby/vendor_ruby/action_controller/metal/instrumentation.rb:41:in `block in render'
  /usr/lib/ruby/vendor_ruby/action_controller/metal/instrumentation.rb:84:in `cleanup_view_runtime'
  activerecord (4.0.2) lib/active_record/railties/controller_runtime.rb:25:in `cleanup_view_runtime'
  /usr/lib/ruby/vendor_ruby/action_controller/metal/instrumentation.rb:40:in `render'
  /usr/lib/ruby/vendor_ruby/action_controller/metal/implicit_render.rb:10:in `default_render'
  /usr/lib/ruby/vendor_ruby/action_controller/metal/implicit_render.rb:5:in `send_action'
  /usr/lib/ruby/vendor_ruby/abstract_controller/base.rb:189:in `process_action'
  /usr/lib/ruby/vendor_ruby/action_controller/metal/rendering.rb:10:in `process_action'
  /usr/lib/ruby/vendor_ruby/abstract_controller/callbacks.rb:18:in `block in process_action'
  /usr/lib/ruby/vendor_ruby/active_support/callbacks.rb:403:in `_run__2522501832643509127__process_action__callbacks'
  /usr/lib/ruby/vendor_ruby/active_support/callbacks.rb:80:in `run_callbacks'
  /usr/lib/ruby/vendor_ruby/abstract_controller/callbacks.rb:17:in `process_action'
  /usr/lib/ruby/vendor_ruby/action_controller/metal/rescue.rb:29:in `process_action'
  /usr/lib/ruby/vendor_ruby/action_controller/metal/instrumentation.rb:31:in `block in process_action'
  /usr/lib/ruby/vendor_ruby/active_support/notifications.rb:159:in `block in instrument'
  /usr/lib/ruby/vendor_ruby/active_support/notifications/instrumenter.rb:20:in `instrument'
  /usr/lib/ruby/vendor_ruby/active_support/notifications.rb:159:in `instrument'
  /usr/lib/ruby/vendor_ruby/action_controller/metal/instrumentation.rb:30:in `process_action'
  /usr/lib/ruby/vendor_ruby/action_controller/metal/params_wrapper.rb:245:in `process_action'
  activerecord (4.0.2) lib/active_record/railties/controller_runtime.rb:18:in `process_action'
  /usr/lib/ruby/vendor_ruby/abstract_controller/base.rb:136:in `process'
  /usr/lib/ruby/vendor_ruby/abstract_controller/rendering.rb:44:in `process'
  /usr/lib/ruby/vendor_ruby/action_controller/metal.rb:195:in `dispatch'
  /usr/lib/ruby/vendor_ruby/action_controller/metal/rack_delegation.rb:13:in `dispatch'
  /usr/lib/ruby/vendor_ruby/action_controller/metal.rb:231:in `block in action'
  /usr/lib/ruby/vendor_ruby/action_dispatch/routing/route_set.rb:80:in `call'
  /usr/lib/ruby/vendor_ruby/action_dispatch/routing/route_set.rb:80:in `dispatch'
  /usr/lib/ruby/vendor_ruby/action_dispatch/routing/route_set.rb:48:in `call'
  /usr/lib/ruby/vendor_ruby/action_dispatch/journey/router.rb:71:in `block in call'
  /usr/lib/ruby/vendor_ruby/action_dispatch/journey/router.rb:59:in `each'
  /usr/lib/ruby/vendor_ruby/action_dispatch/journey/router.rb:59:in `call'
  /usr/lib/ruby/vendor_ruby/action_dispatch/routing/route_set.rb:680:in `call'
  rack (1.5.5) lib/rack/etag.rb:23:in `call'
  rack (1.5.5) lib/rack/conditionalget.rb:25:in `call'
  rack (1.5.5) lib/rack/head.rb:11:in `call'
  /usr/lib/ruby/vendor_ruby/action_dispatch/middleware/params_parser.rb:27:in `call'
  /usr/lib/ruby/vendor_ruby/action_dispatch/middleware/flash.rb:241:in `call'
  rack (1.5.5) lib/rack/session/abstract/id.rb:225:in `context'
  rack (1.5.5) lib/rack/session/abstract/id.rb:220:in `call'
  /usr/lib/ruby/vendor_ruby/action_dispatch/middleware/cookies.rb:486:in `call'
  activerecord (4.0.2) lib/active_record/query_cache.rb:36:in `call'
  activerecord (4.0.2) lib/active_record/connection_adapters/abstract/connection_pool.rb:626:in `call'
  activerecord (4.0.2) lib/active_record/migration.rb:369:in `call'
  /usr/lib/ruby/vendor_ruby/action_dispatch/middleware/callbacks.rb:29:in `block in call'
  /usr/lib/ruby/vendor_ruby/active_support/callbacks.rb:373:in `_run__1436925372513432974__call__callbacks'
  /usr/lib/ruby/vendor_ruby/active_support/callbacks.rb:80:in `run_callbacks'
  /usr/lib/ruby/vendor_ruby/action_dispatch/middleware/callbacks.rb:27:in `call'
  /usr/lib/ruby/vendor_ruby/action_dispatch/middleware/reloader.rb:64:in `call'
  /usr/lib/ruby/vendor_ruby/action_dispatch/middleware/remote_ip.rb:76:in `call'
  /usr/lib/ruby/vendor_ruby/action_dispatch/middleware/debug_exceptions.rb:17:in `call'
  /usr/lib/ruby/vendor_ruby/action_dispatch/middleware/show_exceptions.rb:30:in `call'
  /usr/lib/ruby/vendor_ruby/rails/rack/logger.rb:38:in `call_app'
  /usr/lib/ruby/vendor_ruby/rails/rack/logger.rb:20:in `block in call'
  /usr/lib/ruby/vendor_ruby/active_support/tagged_logging.rb:67:in `block in tagged'
  /usr/lib/ruby/vendor_ruby/active_support/tagged_logging.rb:25:in `tagged'
  /usr/lib/ruby/vendor_ruby/active_support/tagged_logging.rb:67:in `tagged'
  /usr/lib/ruby/vendor_ruby/rails/rack/logger.rb:20:in `call'
  /usr/lib/ruby/vendor_ruby/action_dispatch/middleware/request_id.rb:21:in `call'
  rack (1.5.5) lib/rack/methodoverride.rb:21:in `call'
  rack (1.5.5) lib/rack/runtime.rb:17:in `call'
  /usr/lib/ruby/vendor_ruby/active_support/cache/strategy/local_cache.rb:83:in `call'
  rack (1.5.5) lib/rack/lock.rb:17:in `call'
  /usr/lib/ruby/vendor_ruby/action_dispatch/middleware/static.rb:64:in `call'
  rack (1.5.5) lib/rack/sendfile.rb:112:in `call'
  /usr/lib/ruby/vendor_ruby/rails/engine.rb:511:in `call'
  /usr/lib/ruby/vendor_ruby/rails/application.rb:97:in `call'
  rack (1.5.5) lib/rack/lock.rb:17:in `call'
  rack (1.5.5) lib/rack/content_length.rb:14:in `call'
  rack (1.5.5) lib/rack/handler/webrick.rb:60:in `service'
  /usr/lib/ruby/1.9.1/webrick/httpserver.rb:138:in `service'
  /usr/lib/ruby/1.9.1/webrick/httpserver.rb:94:in `run'
  /usr/lib/ruby/1.9.1/webrick/server.rb:191:in `block in start_thread'


  Rendered /usr/lib/ruby/vendor_ruby/action_dispatch/middleware/templates/rescues/_trace.erb (1.0ms)
  Rendered /usr/lib/ruby/vendor_ruby/action_dispatch/middleware/templates/rescues/_request_and_response.erb (0.9ms)
  Rendered /usr/lib/ruby/vendor_ruby/action_dispatch/middleware/templates/rescues/template_error.erb within rescues/layout (10.6ms)


Started GET "/articles" for 127.0.0.1 at 2016-09-29 09:54:42 +0700
Processing by ArticlesController#index as HTML
  [1m[35mArticle Load (0.8ms)[0m  SELECT "articles".* FROM "articles"
  Rendered articles/index.html.erb within layouts/application (12.6ms)
Completed 200 OK in 85ms (Views: 81.6ms | ActiveRecord: 2.4ms)


Started GET "/assets/application.css?body=1" for 127.0.0.1 at 2016-09-29 09:54:42 +0700


Started GET "/assets/jquery.js?body=1" for 127.0.0.1 at 2016-09-29 09:54:42 +0700


Started GET "/assets/jquery_ujs.js?body=1" for 127.0.0.1 at 2016-09-29 09:54:42 +0700


Started GET "/assets/application.js?body=1" for 127.0.0.1 at 2016-09-29 09:54:43 +0700


Started GET "/assets/articles.js?body=1" for 127.0.0.1 at 2016-09-29 09:54:43 +0700


Started GET "/assets/turbolinks.js?body=1" for 127.0.0.1 at 2016-09-29 09:54:43 +0700


Started GET "/articles" for 127.0.0.1 at 2016-09-29 09:55:40 +0700
Processing by ArticlesController#index as HTML
  [1m[36mArticle Load (0.7ms)[0m  [1mSELECT "articles".* FROM "articles"[0m
  Rendered articles/index.html.erb within layouts/application (5.6ms)
Completed 200 OK in 44ms (Views: 41.8ms | ActiveRecord: 0.7ms)


Started GET "/assets/application.css?body=1" for 127.0.0.1 at 2016-09-29 09:55:40 +0700


Started GET "/assets/jquery.js?body=1" for 127.0.0.1 at 2016-09-29 09:55:40 +0700


Started GET "/assets/turbolinks.js?body=1" for 127.0.0.1 at 2016-09-29 09:55:40 +0700


Started GET "/assets/jquery_ujs.js?body=1" for 127.0.0.1 at 2016-09-29 09:55:40 +0700


Started GET "/assets/articles.js?body=1" for 127.0.0.1 at 2016-09-29 09:55:40 +0700


Started GET "/assets/application.js?body=1" for 127.0.0.1 at 2016-09-29 09:55:40 +0700


Started GET "/articles" for 127.0.0.1 at 2016-09-29 09:56:51 +0700
Processing by ArticlesController#index as HTML
  [1m[35mArticle Load (0.4ms)[0m  SELECT "articles".* FROM "articles"
  Rendered articles/index.html.erb within layouts/application (2.8ms)
Completed 200 OK in 7ms (Views: 6.0ms | ActiveRecord: 0.4ms)


Started GET "/assets/application.css?body=1" for 127.0.0.1 at 2016-09-29 09:56:51 +0700


Started GET "/assets/jquery.js?body=1" for 127.0.0.1 at 2016-09-29 09:56:51 +0700


Started GET "/assets/jquery_ujs.js?body=1" for 127.0.0.1 at 2016-09-29 09:56:51 +0700


Started GET "/assets/turbolinks.js?body=1" for 127.0.0.1 at 2016-09-29 09:56:51 +0700


Started GET "/assets/articles.js?body=1" for 127.0.0.1 at 2016-09-29 09:56:51 +0700


Started GET "/assets/application.js?body=1" for 127.0.0.1 at 2016-09-29 09:56:51 +0700


Started GET "/articles/1/edit" for 127.0.0.1 at 2016-09-29 09:56:57 +0700
Processing by ArticlesController#edit as HTML
  Parameters: {"id"=>"1"}
  [1m[36mArticle Load (16.7ms)[0m  [1mSELECT "articles".* FROM "articles" WHERE "articles"."id" = $1 LIMIT 1[0m  [["id", "1"]]
  Rendered articles/_form.html.erb (126.3ms)
  Rendered articles/edit.html.erb within layouts/application (138.2ms)
Completed 200 OK in 168ms (Views: 148.1ms | ActiveRecord: 17.1ms)


Started PATCH "/articles/1" for 127.0.0.1 at 2016-09-29 09:57:03 +0700
Processing by ArticlesController#update as HTML
  Parameters: {"utf8"=>"✓", "authenticity_token"=>"YCMQOeBUDmu8OShsdLd6EtLu9mJLDugL3mTDtxpVQNk=", "article"=>{"title"=>"Blog 1 :  Ruby", "body"=>"Tìm **hiểu** ruby"}, "commit"=>"Update Article", "id"=>"1"}
  [1m[35mArticle Load (0.4ms)[0m  SELECT "articles".* FROM "articles" WHERE "articles"."id" = $1 LIMIT 1  [["id", "1"]]
  [1m[36m (0.1ms)[0m  [1mBEGIN[0m
  [1m[35mSQL (50.1ms)[0m  UPDATE "articles" SET "body" = $1, "updated_at" = $2 WHERE "articles"."id" = 1  [["body", "Tìm **hiểu** ruby"], ["updated_at", Thu, 29 Sep 2016 02:57:03 UTC +00:00]]
  [1m[36m (127.3ms)[0m  [1mCOMMIT[0m
Redirected to http://localhost:3000/articles/1
Completed 302 Found in 183ms (ActiveRecord: 177.9ms)


Started GET "/articles/1" for 127.0.0.1 at 2016-09-29 09:57:03 +0700
Processing by ArticlesController#show as HTML
  Parameters: {"id"=>"1"}
  [1m[35mArticle Load (0.4ms)[0m  SELECT "articles".* FROM "articles" WHERE "articles"."id" = $1 LIMIT 1  [["id", "1"]]
  Rendered articles/show.html.erb within layouts/application (1.1ms)
Completed 200 OK in 28ms (Views: 26.2ms | ActiveRecord: 0.4ms)


Started GET "/assets/application.css?body=1" for 127.0.0.1 at 2016-09-29 09:57:03 +0700


Started GET "/assets/jquery.js?body=1" for 127.0.0.1 at 2016-09-29 09:57:03 +0700


Started GET "/assets/turbolinks.js?body=1" for 127.0.0.1 at 2016-09-29 09:57:03 +0700


Started GET "/assets/jquery_ujs.js?body=1" for 127.0.0.1 at 2016-09-29 09:57:03 +0700


Started GET "/assets/articles.js?body=1" for 127.0.0.1 at 2016-09-29 09:57:03 +0700


Started GET "/assets/application.js?body=1" for 127.0.0.1 at 2016-09-29 09:57:03 +0700


Started GET "/articles" for 127.0.0.1 at 2016-09-29 09:57:06 +0700
Processing by ArticlesController#index as HTML
  [1m[36mArticle Load (0.7ms)[0m  [1mSELECT "articles".* FROM "articles"[0m
  Rendered articles/index.html.erb within layouts/application (2.3ms)
Completed 200 OK in 7ms (Views: 5.1ms | ActiveRecord: 0.7ms)


Started GET "/articles/new" for 127.0.0.1 at 2016-09-29 09:57:09 +0700
Processing by ArticlesController#new as HTML
  Rendered articles/_form.html.erb (26.3ms)
  Rendered articles/new.html.erb within layouts/application (28.1ms)
Completed 200 OK in 33ms (Views: 32.4ms | ActiveRecord: 0.0ms)


Started POST "/articles" for 127.0.0.1 at 2016-09-29 09:57:30 +0700
Processing by ArticlesController#create as HTML
  Parameters: {"utf8"=>"✓", "authenticity_token"=>"YCMQOeBUDmu8OShsdLd6EtLu9mJLDugL3mTDtxpVQNk=", "article"=>{"title"=>"Blog 2", "body"=>"1. Rails 5\r\n2. Boostrap"}, "commit"=>"Create Article"}
  [1m[35m (0.3ms)[0m  BEGIN
  [1m[36mSQL (28.8ms)[0m  [1mINSERT INTO "articles" ("body", "created_at", "title", "updated_at") VALUES ($1, $2, $3, $4) RETURNING "id"[0m  [["body", "1. Rails 5\r\n2. Boostrap"], ["created_at", Thu, 29 Sep 2016 02:57:30 UTC +00:00], ["title", "Blog 2"], ["updated_at", Thu, 29 Sep 2016 02:57:30 UTC +00:00]]
  [1m[35m (18.8ms)[0m  COMMIT
Redirected to http://localhost:3000/articles/2
Completed 302 Found in 53ms (ActiveRecord: 47.9ms)


Started GET "/articles/2" for 127.0.0.1 at 2016-09-29 09:57:30 +0700
Processing by ArticlesController#show as HTML
  Parameters: {"id"=>"2"}
  [1m[36mArticle Load (0.4ms)[0m  [1mSELECT "articles".* FROM "articles" WHERE "articles"."id" = $1 LIMIT 1[0m  [["id", "2"]]
  Rendered articles/show.html.erb within layouts/application (0.4ms)
Completed 200 OK in 5ms (Views: 3.7ms | ActiveRecord: 0.4ms)


Started GET "/assets/application.css?body=1" for 127.0.0.1 at 2016-09-29 09:57:30 +0700


Started GET "/assets/jquery.js?body=1" for 127.0.0.1 at 2016-09-29 09:57:30 +0700


Started GET "/assets/turbolinks.js?body=1" for 127.0.0.1 at 2016-09-29 09:57:30 +0700


Started GET "/assets/jquery_ujs.js?body=1" for 127.0.0.1 at 2016-09-29 09:57:30 +0700


Started GET "/assets/application.js?body=1" for 127.0.0.1 at 2016-09-29 09:57:30 +0700


Started GET "/assets/articles.js?body=1" for 127.0.0.1 at 2016-09-29 09:57:30 +0700


Started GET "/articles" for 127.0.0.1 at 2016-09-29 09:57:39 +0700
Processing by ArticlesController#index as HTML
  [1m[35mArticle Load (0.8ms)[0m  SELECT "articles".* FROM "articles"
  Rendered articles/index.html.erb within layouts/application (3.0ms)
Completed 200 OK in 10ms (Views: 7.7ms | ActiveRecord: 0.8ms)
